{"name": "test_save_coupon[browser0]", "status": "failed", "statusDetails": {"message": "AssertionError: assert '1 Coupon' == '1'\n  - 1 Coupon\n  + 1", "trace": "E   AssertionError: assert '1 Coupon' == '1'\n      - 1 Coupon\n      + 1"}, "parameters": [{"name": "browser", "value": "<selenium.webdriver.chrome.webdriver.WebDriver (session=\"7485d4cf6acb59d9386bcafbc3a9425f\")>"}], "start": 1574108213276, "stop": 1574108243717, "uuid": "021d63c2-c4f2-4207-8d9f-fcfd7a3d5efa", "historyId": "c85ce0903b55a23ab6c24561565be26d", "testCaseId": "71ca7f7a0a46775bb02838297f1b9e7c", "fullName": "onx.test_pytest#test_save_coupon", "labels": [{"name": "feature", "value": "Save Coupons"}, {"name": "parentSuite", "value": "onx"}, {"name": "suite", "value": "test_pytest"}, {"name": "host", "value": "CDXN-IT031443"}, {"name": "thread", "value": "32668-MainThread"}, {"name": "framework", "value": "pytest"}, {"name": "language", "value": "cpython3"}, {"name": "package", "value": "onx.test_pytest"}]}